<?xml version="1.0" encoding="UTF-8"?>
<testsuite name="Login user" tests="1" skipped="0" failures="0" errors="0" timestamp="2020-11-16T04:43:34" hostname="EMPDESARROLLO08" time="6.154">
  <properties/>
  <testcase name="login" classname="Login user" time="6.154"/>
  <system-out><![CDATA[]]></system-out>
  <system-err><![CDATA[nov. 15, 2020 11:43:35 P. M. org.openqa.selenium.remote.DesiredCapabilities chrome
INFO: Using `new ChromeOptions()` is preferred to `DesiredCapabilities.chrome()`
Starting ChromeDriver 86.0.4240.22 (398b0743353ff36fb1b82468f63a3a93b4e2e89e-refs/branch-heads/4240@{#378}) on port 37378
Only local connections are allowed.
Please see https://chromedriver.chromium.org/security-considerations for suggestions on keeping ChromeDriver safe.
ChromeDriver was started successfully.
nov. 15, 2020 11:43:40 P. M. org.openqa.selenium.remote.ProtocolHandshake createSession
INFO: Detected dialect: W3C
]]></system-err>
</testsuite>
