<?xml version="1.0" encoding="UTF-8"?>
<testsuite name="starter.CucumberTestSuite" tests="0" skipped="0" failures="0" errors="0" timestamp="1970-01-01T00:00:00" hostname="EMPDESARROLLO08" time="0.0">
  <properties/>
  <system-out><![CDATA[Feature: Login user
 Como usuario quiero ingresar mis credenciales para tener acceso a mi cuenta

  Scenario: login                            ?[90m# src/test/resources/features/login/login.feature:4?[0m
    ?[32mGiven ?[0m?[32m:Un formulario de inicio de sesion?[0m ?[90m# LoginStepDefinitions.un_formulario_de_inicio_de_sesion()?[0m
    ?[32mWhen ?[0m?[32m: ingreso credenciales validas?[0m      ?[90m# LoginStepDefinitions.ingreso_credenciales_validas()?[0m
    ?[32mThen ?[0m?[32m: me da acceso a mi cuenta?[0m          ?[90m# LoginStepDefinitions.me_da_acceso_a_mi_cuenta()?[0m

1 Scenarios (?[32m1 passed?[0m)
3 Steps (?[32m3 passed?[0m)
0m7,685s

]]></system-out>
  <system-err><![CDATA[SLF4J: Failed to load class "org.slf4j.impl.StaticLoggerBinder".
SLF4J: Defaulting to no-operation (NOP) logger implementation
SLF4J: See http://www.slf4j.org/codes.html#StaticLoggerBinder for further details.
]]></system-err>
</testsuite>
